<?xml version="1.0" encoding="UTF-8"?>
<!-- Generated by org.testng.reporters.JUnitReportReporter -->
<testsuite hostname="Jaga-Laptop" failures="0" tests="1" name="com.jtaf.qa.runner.TestRunner" time="14.027" errors="0" timestamp="30 Aug 2021 13:26:45 GMT" skipped="0">
  <testcase classname="com.jtaf.qa.runner.TestRunner" name="runScenario" time="14.027"/>
</testsuite> <!-- com.jtaf.qa.runner.TestRunner -->
