<?xml version="1.0" encoding="UTF-8"?>
<!-- Generated by org.testng.reporters.JUnitReportReporter -->
<testsuite skipped="0" hostname="DESKTOP-69A82KC" name="com.jtaf.qa.runner.TestRunner" tests="1" failures="0" timestamp="26 Jun 2021 17:13:31 GMT" time="30.353" errors="0">
  <testcase name="runScenario" time="30.353" classname="com.jtaf.qa.runner.TestRunner"/>
</testsuite> <!-- com.jtaf.qa.runner.TestRunner -->
