<?xml version="1.0" encoding="UTF-8"?>
<!-- Generated by org.testng.reporters.JUnitReportReporter -->
<testsuite skipped="0" hostname="DESKTOP-69A82KC" name="com.jtaf.qa.test.TicketDetailsPageTest" tests="1" failures="0" timestamp="19 Jun 2021 11:54:39 GMT" time="44.016" errors="0">
  <testcase name="verifyTicketDetailsTest" time="44.016" classname="com.jtaf.qa.test.TicketDetailsPageTest"/>
</testsuite> <!-- com.jtaf.qa.test.TicketDetailsPageTest -->
