<?xml version="1.0" encoding="UTF-8"?>
<!-- Generated by org.testng.reporters.JUnitReportReporter -->
<testsuite hostname="Jaga-Laptop" failures="0" tests="2" name="com.jtaf.qa.runner.TestRunner" time="28.964" errors="0" timestamp="10 Sep 2021 13:54:53 GMT" skipped="0">
  <testcase classname="com.jtaf.qa.runner.TestRunner" name="runScenario" time="6.417"/>
  <testcase classname="com.jtaf.qa.runner.TestRunner" name="runScenario" time="22.547"/>
</testsuite> <!-- com.jtaf.qa.runner.TestRunner -->
