<?xml version="1.0" encoding="UTF-8"?>
<!-- Generated by org.testng.reporters.JUnitReportReporter -->
<testsuite skipped="0" hostname="DESKTOP-69A82KC" name="com.jtaf.qa.runner.TestRunner" tests="1" failures="0" timestamp="04 Jul 2021 14:11:30 GMT" time="31.694" errors="0">
  <testcase name="runScenario" time="31.694" classname="com.jtaf.qa.runner.TestRunner"/>
</testsuite> <!-- com.jtaf.qa.runner.TestRunner -->
